<?xml version="1.0" encoding="UTF-8"?>
<testsuite name="hello.servlet.ServletApplicationTests" tests="1" skipped="0" failures="0" errors="0" timestamp="2026-01-17T13:13:54.903Z" hostname="hyochanui-MacBookPro.local" time="0.252">
  <properties/>
  <testcase name="contextLoads()" classname="hello.servlet.ServletApplicationTests" time="0.252"/>
  <system-out><![CDATA[22:13:54.505 [Test worker] INFO org.springframework.test.context.support.AnnotationConfigContextLoaderUtils -- Could not detect default configuration classes for test class [hello.servlet.ServletApplicationTests]: ServletApplicationTests does not declare any static, non-private, non-final, nested classes annotated with @Configuration.
22:13:54.533 [Test worker] INFO org.springframework.boot.test.context.SpringBootTestContextBootstrapper -- Found @SpringBootConfiguration hello.servlet.ServletApplication for test class hello.servlet.ServletApplicationTests

  .   ____          _            __ _ _
 /\\ / ___'_ __ _ _(_)_ __  __ _ \ \ \ \
( ( )\___ | '_ | '_| | '_ \/ _` | \ \ \ \
 \\/  ___)| |_)| | | | | || (_| |  ) ) ) )
  '  |____| .__|_| |_|_| |_\__, | / / / /
 =========|_|==============|___/=/_/_/_/

 :: Spring Boot ::                (v4.0.1)

2026-01-17T22:13:54.643+09:00  INFO 3271 --- [servlet] [    Test worker] hello.servlet.ServletApplicationTests    : Starting ServletApplicationTests using Java 17.0.16 with PID 3271 (started by hyochan in /Users/hyochan/IdeaProjects/servlet)
2026-01-17T22:13:54.643+09:00  INFO 3271 --- [servlet] [    Test worker] hello.servlet.ServletApplicationTests    : No active profile set, falling back to 1 default profile: "default"
2026-01-17T22:13:54.900+09:00  INFO 3271 --- [servlet] [    Test worker] hello.servlet.ServletApplicationTests    : Started ServletApplicationTests in 0.326 seconds (process running for 0.67)
]]></system-out>
  <system-err><![CDATA[]]></system-err>
</testsuite>
